Using pre-set license
Built from '2020.3/staging' branch; Version is '2020.3.8f1 (507919d4fff5) revision 5273881'; Using compiler version '192528614'; Build Type 'Release'
OS: 'Windows 10 Pro; OS build 19044.1645; Version 2009; 64bit' Language: 'ko' Physical Memory: 12203 MB
BatchMode: 1, IsHumanControllingUs: 0, StartBugReporterOnCrash: 0, Is64bit: 1, IsPro: 0

 COMMAND LINE ARGUMENTS:
D:\Unity\2020.3.8f1\Editor\Unity.exe
-adb2
-batchMode
-noUpm
-name
AssetImportWorker0
-projectPath
D:/New Unity Project/PoolKnightDefense
-logFile
Logs/AssetImportWorker0.log
-srvPort
13319
Successfully changed project path to: D:/New Unity Project/PoolKnightDefense
D:/New Unity Project/PoolKnightDefense
Using Asset Import Pipeline V2.
Refreshing native plugins compatible for Editor in 33.58 ms, found 0 plugins.
Preloading 0 native plugins for Editor in 0.00 ms.
Initialize engine version: 2020.3.8f1 (507919d4fff5)
[Subsystems] Discovering subsystems at path D:/Unity/2020.3.8f1/Editor/Data/Resources/UnitySubsystems
[Subsystems] Discovering subsystems at path D:/New Unity Project/PoolKnightDefense/Assets
GfxDevice: creating device client; threaded=0
Direct3D:
    Version:  Direct3D 11.0 [level 11.1]
    Renderer: NVIDIA GeForce GTX 1060 (ID=0x1c20)
    Vendor:   
    VRAM:     6052 MB
    Driver:   30.0.15.1123
Initialize mono
Mono path[0] = 'D:/Unity/2020.3.8f1/Editor/Data/Managed'
Mono path[1] = 'D:/Unity/2020.3.8f1/Editor/Data/MonoBleedingEdge/lib/mono/unityjit'
Mono config path = 'D:/Unity/2020.3.8f1/Editor/Data/MonoBleedingEdge/etc'
Using monoOptions --debugger-agent=transport=dt_socket,embedding=1,server=y,suspend=n,address=127.0.0.1:56880
Begin MonoManager ReloadAssembly
Registering precompiled unity dll's ...
Register platform support module: D:/Unity/2020.3.8f1/Editor/Data/PlaybackEngines/WindowsStandaloneSupport/UnityEditor.WindowsStandalone.Extensions.dll
Registered in 0.001216 seconds.
Native extension for WindowsStandalone target not found
Refreshing native plugins compatible for Editor in 32.46 ms, found 0 plugins.
Preloading 0 native plugins for Editor in 0.00 ms.
Mono: successfully reloaded assembly
- Completed reload, in  1.055 seconds
Platform modules already initialized, skipping
Registering precompiled user dll's ...
Registered in 0.000672 seconds.
Begin MonoManager ReloadAssembly
Native extension for WindowsStandalone target not found
Refreshing native plugins compatible for Editor in 0.35 ms, found 0 plugins.
Preloading 0 native plugins for Editor in 0.00 ms.
Mono: successfully reloaded assembly
- Completed reload, in  0.914 seconds
Platform modules already initialized, skipping
========================================================================
Worker process is ready to serve import requests
Launched and connected shader compiler UnityShaderCompiler.exe after 0.06 seconds
Refreshing native plugins compatible for Editor in 0.37 ms, found 0 plugins.
Preloading 0 native plugins for Editor in 0.00 ms.
Unloading 1146 Unused Serialized files (Serialized files now loaded: 0)
System memory in use before: 60.5 MB.
System memory in use after: 60.6 MB.

Unloading 10 unused Assets to reduce memory usage. Loaded Objects now: 1593.
Total: 1.842800 ms (FindLiveObjects: 0.135100 ms CreateObjectMapping: 0.045400 ms MarkObjects: 1.548700 ms  DeleteObjects: 0.112000 ms)

========================================================================
Received Import Request.
  path: Assets/Script/EnemyCreator.cs
  artifactKey: Guid(10d3517921a48e841ac16968ce6978a4) Importer(815301076,1909f56bfc062723c751e8b465ee728b)
Start importing Assets/Script/EnemyCreator.cs using Guid(10d3517921a48e841ac16968ce6978a4) Importer(815301076,1909f56bfc062723c751e8b465ee728b)  -> (artifact id: 'fadeeddffdd609c00d37090e4a5f0783') in 0.084917 seconds
  Import took 0.087972 seconds .

========================================================================
Received Import Request.
  Time since last request: 34.030515 seconds.
  path: Assets/Prefabs/Enemy1.prefab
  artifactKey: Guid(62d978a74bf9fa24c9ddca1c829c606d) Importer(815301076,1909f56bfc062723c751e8b465ee728b)
Start importing Assets/Prefabs/Enemy1.prefab using Guid(62d978a74bf9fa24c9ddca1c829c606d) Importer(815301076,1909f56bfc062723c751e8b465ee728b)  -> (artifact id: 'ffdcfcc526bb54fefe388d62e5f6ca89') in 0.230592 seconds
  Import took 0.234000 seconds .

========================================================================
Received Prepare
Registering precompiled user dll's ...
Registered in 0.000633 seconds.
Begin MonoManager ReloadAssembly
Native extension for WindowsStandalone target not found
Refreshing native plugins compatible for Editor in 0.23 ms, found 0 plugins.
Preloading 0 native plugins for Editor in 0.00 ms.
Mono: successfully reloaded assembly
- Completed reload, in  0.913 seconds
Platform modules already initialized, skipping
Refreshing native plugins compatible for Editor in 0.31 ms, found 0 plugins.
Preloading 0 native plugins for Editor in 0.00 ms.
Unloading 1137 Unused Serialized files (Serialized files now loaded: 0)
System memory in use before: 76.8 MB.
System memory in use after: 76.8 MB.

Unloading 5 unused Assets to reduce memory usage. Loaded Objects now: 1604.
Total: 2.659200 ms (FindLiveObjects: 0.184300 ms CreateObjectMapping: 0.054300 ms MarkObjects: 2.330500 ms  DeleteObjects: 0.088500 ms)

========================================================================
Received Import Request.
  Time since last request: 284.267909 seconds.
  path: Assets/Prefabs/MonsterHP.prefab
  artifactKey: Guid(cd66b0c85e1bc634494a141894b92602) Importer(815301076,1909f56bfc062723c751e8b465ee728b)
Start importing Assets/Prefabs/MonsterHP.prefab using Guid(cd66b0c85e1bc634494a141894b92602) Importer(815301076,1909f56bfc062723c751e8b465ee728b)  -> (artifact id: 'ebb67a5e363e9d76835cb52d53e67e84') in 0.075407 seconds
  Import took 0.078071 seconds .

========================================================================
Received Import Request.
  Time since last request: 4.094933 seconds.
  path: Assets/Script/Bullet.cs
  artifactKey: Guid(288f46e1e436cd54b9193776bad11e7a) Importer(815301076,1909f56bfc062723c751e8b465ee728b)
Start importing Assets/Script/Bullet.cs using Guid(288f46e1e436cd54b9193776bad11e7a) Importer(815301076,1909f56bfc062723c751e8b465ee728b)  -> (artifact id: 'b808566d915054c8770efef6c53d15af') in 0.035997 seconds
  Import took 0.038591 seconds .

========================================================================
Received Prepare
Registering precompiled user dll's ...
Registered in 0.001042 seconds.
Begin MonoManager ReloadAssembly
Native extension for WindowsStandalone target not found
Refreshing native plugins compatible for Editor in 0.23 ms, found 0 plugins.
Preloading 0 native plugins for Editor in 0.00 ms.
Mono: successfully reloaded assembly
- Completed reload, in  0.884 seconds
Platform modules already initialized, skipping
Refreshing native plugins compatible for Editor in 0.47 ms, found 0 plugins.
Preloading 0 native plugins for Editor in 0.00 ms.
Unloading 1137 Unused Serialized files (Serialized files now loaded: 0)
System memory in use before: 76.8 MB.
System memory in use after: 76.9 MB.

Unloading 7 unused Assets to reduce memory usage. Loaded Objects now: 1607.
Total: 1.870800 ms (FindLiveObjects: 0.138400 ms CreateObjectMapping: 0.037300 ms MarkObjects: 1.584900 ms  DeleteObjects: 0.108700 ms)

========================================================================
Received Prepare
Registering precompiled user dll's ...
Registered in 0.001419 seconds.
Begin MonoManager ReloadAssembly
Native extension for WindowsStandalone target not found
Refreshing native plugins compatible for Editor in 0.30 ms, found 0 plugins.
Preloading 0 native plugins for Editor in 0.00 ms.
Mono: successfully reloaded assembly
- Completed reload, in  1.224 seconds
Platform modules already initialized, skipping
Refreshing native plugins compatible for Editor in 0.46 ms, found 0 plugins.
Preloading 0 native plugins for Editor in 0.00 ms.
Unloading 1137 Unused Serialized files (Serialized files now loaded: 0)
System memory in use before: 76.8 MB.
System memory in use after: 76.9 MB.

Unloading 5 unused Assets to reduce memory usage. Loaded Objects now: 1610.
Total: 3.586300 ms (FindLiveObjects: 0.422100 ms CreateObjectMapping: 0.154600 ms MarkObjects: 2.855500 ms  DeleteObjects: 0.150100 ms)

========================================================================
Received Prepare
Registering precompiled user dll's ...
Registered in 0.000681 seconds.
Begin MonoManager ReloadAssembly
Native extension for WindowsStandalone target not found
Refreshing native plugins compatible for Editor in 0.24 ms, found 0 plugins.
Preloading 0 native plugins for Editor in 0.00 ms.
Mono: successfully reloaded assembly
- Completed reload, in  0.922 seconds
Platform modules already initialized, skipping
Refreshing native plugins compatible for Editor in 0.24 ms, found 0 plugins.
Preloading 0 native plugins for Editor in 0.00 ms.
Unloading 1137 Unused Serialized files (Serialized files now loaded: 0)
System memory in use before: 76.8 MB.
System memory in use after: 76.9 MB.

Unloading 5 unused Assets to reduce memory usage. Loaded Objects now: 1613.
Total: 2.611900 ms (FindLiveObjects: 0.144100 ms CreateObjectMapping: 0.036100 ms MarkObjects: 2.336500 ms  DeleteObjects: 0.093600 ms)

========================================================================
Received Import Request.
  Time since last request: 523.294299 seconds.
  path: Assets/Script/EnemyCreator.cs
  artifactKey: Guid(10d3517921a48e841ac16968ce6978a4) Importer(815301076,1909f56bfc062723c751e8b465ee728b)
Start importing Assets/Script/EnemyCreator.cs using Guid(10d3517921a48e841ac16968ce6978a4) Importer(815301076,1909f56bfc062723c751e8b465ee728b)  -> (artifact id: '62e3a2c11dc310225244889288b62729') in 0.004990 seconds
  Import took 0.131223 seconds .

========================================================================
Received Prepare
Registering precompiled user dll's ...
Registered in 0.000712 seconds.
Begin MonoManager ReloadAssembly
Native extension for WindowsStandalone target not found
Refreshing native plugins compatible for Editor in 0.24 ms, found 0 plugins.
Preloading 0 native plugins for Editor in 0.00 ms.
Mono: successfully reloaded assembly
- Completed reload, in  0.884 seconds
Platform modules already initialized, skipping
Refreshing native plugins compatible for Editor in 0.39 ms, found 0 plugins.
Preloading 0 native plugins for Editor in 0.00 ms.
Unloading 1137 Unused Serialized files (Serialized files now loaded: 0)
System memory in use before: 76.8 MB.
System memory in use after: 76.9 MB.

Unloading 5 unused Assets to reduce memory usage. Loaded Objects now: 1616.
Total: 2.574900 ms (FindLiveObjects: 0.198500 ms CreateObjectMapping: 0.057400 ms MarkObjects: 2.225500 ms  DeleteObjects: 0.091300 ms)

========================================================================
Received Import Request.
  Time since last request: 12.605910 seconds.
  path: Assets/Script/EnemyCreator.cs
  artifactKey: Guid(10d3517921a48e841ac16968ce6978a4) Importer(815301076,1909f56bfc062723c751e8b465ee728b)
Start importing Assets/Script/EnemyCreator.cs using Guid(10d3517921a48e841ac16968ce6978a4) Importer(815301076,1909f56bfc062723c751e8b465ee728b)  -> (artifact id: '234608b41c9918b551d6cbcfc618ef1e') in 0.006658 seconds
  Import took 0.118487 seconds .

========================================================================
Received Import Request.
  Time since last request: 1.619158 seconds.
  path: Assets/Script/EnemyCreator.cs
  artifactKey: Guid(10d3517921a48e841ac16968ce6978a4) Importer(815301076,1909f56bfc062723c751e8b465ee728b)
Start importing Assets/Script/EnemyCreator.cs using Guid(10d3517921a48e841ac16968ce6978a4) Importer(815301076,1909f56bfc062723c751e8b465ee728b)  -> (artifact id: '234608b41c9918b551d6cbcfc618ef1e') in 0.004123 seconds
  Import took 0.007209 seconds .

========================================================================
Received Prepare
Registering precompiled user dll's ...
Registered in 0.001094 seconds.
Begin MonoManager ReloadAssembly
Native extension for WindowsStandalone target not found
Refreshing native plugins compatible for Editor in 0.31 ms, found 0 plugins.
Preloading 0 native plugins for Editor in 0.00 ms.
Mono: successfully reloaded assembly
- Completed reload, in  0.920 seconds
Platform modules already initialized, skipping
Refreshing native plugins compatible for Editor in 0.24 ms, found 0 plugins.
Preloading 0 native plugins for Editor in 0.00 ms.
Unloading 1137 Unused Serialized files (Serialized files now loaded: 0)
System memory in use before: 76.8 MB.
System memory in use after: 76.9 MB.

Unloading 5 unused Assets to reduce memory usage. Loaded Objects now: 1619.
Total: 2.816000 ms (FindLiveObjects: 0.192500 ms CreateObjectMapping: 0.052200 ms MarkObjects: 2.467200 ms  DeleteObjects: 0.102600 ms)

========================================================================
Received Prepare
Registering precompiled user dll's ...
Registered in 0.000728 seconds.
Begin MonoManager ReloadAssembly
Native extension for WindowsStandalone target not found
Refreshing native plugins compatible for Editor in 0.28 ms, found 0 plugins.
Preloading 0 native plugins for Editor in 0.00 ms.
Mono: successfully reloaded assembly
- Completed reload, in  0.851 seconds
Platform modules already initialized, skipping
Refreshing native plugins compatible for Editor in 0.28 ms, found 0 plugins.
Preloading 0 native plugins for Editor in 0.00 ms.
Unloading 1137 Unused Serialized files (Serialized files now loaded: 0)
System memory in use before: 76.8 MB.
System memory in use after: 76.9 MB.

Unloading 5 unused Assets to reduce memory usage. Loaded Objects now: 1622.
Total: 2.482400 ms (FindLiveObjects: 0.263000 ms CreateObjectMapping: 0.076800 ms MarkObjects: 2.071800 ms  DeleteObjects: 0.069200 ms)

========================================================================
Received Prepare
Registering precompiled user dll's ...
Registered in 0.000686 seconds.
Begin MonoManager ReloadAssembly
Native extension for WindowsStandalone target not found
Refreshing native plugins compatible for Editor in 0.23 ms, found 0 plugins.
Preloading 0 native plugins for Editor in 0.00 ms.
Mono: successfully reloaded assembly
- Completed reload, in  0.878 seconds
Platform modules already initialized, skipping
Refreshing native plugins compatible for Editor in 0.36 ms, found 0 plugins.
Preloading 0 native plugins for Editor in 0.00 ms.
Unloading 1137 Unused Serialized files (Serialized files now loaded: 0)
System memory in use before: 76.8 MB.
System memory in use after: 76.9 MB.

Unloading 5 unused Assets to reduce memory usage. Loaded Objects now: 1625.
Total: 2.255000 ms (FindLiveObjects: 0.197300 ms CreateObjectMapping: 0.049600 ms MarkObjects: 1.921400 ms  DeleteObjects: 0.084700 ms)

========================================================================
Received Import Request.
  Time since last request: 389.439915 seconds.
  path: Assets/Script/TowerRange.cs
  artifactKey: Guid(54863c279125f0b4989431a54420e3b5) Importer(815301076,1909f56bfc062723c751e8b465ee728b)
Start importing Assets/Script/TowerRange.cs using Guid(54863c279125f0b4989431a54420e3b5) Importer(815301076,1909f56bfc062723c751e8b465ee728b)  -> (artifact id: 'a3f4539b62577d1339f1c81fa8fc1f73') in 0.011542 seconds
  Import took 0.069805 seconds .

========================================================================
Received Prepare
Registering precompiled user dll's ...
Registered in 0.001062 seconds.
Begin MonoManager ReloadAssembly
Native extension for WindowsStandalone target not found
Refreshing native plugins compatible for Editor in 0.48 ms, found 0 plugins.
Preloading 0 native plugins for Editor in 0.00 ms.
Mono: successfully reloaded assembly
- Completed reload, in  1.730 seconds
Platform modules already initialized, skipping
Refreshing native plugins compatible for Editor in 0.48 ms, found 0 plugins.
Preloading 0 native plugins for Editor in 0.00 ms.
Unloading 1137 Unused Serialized files (Serialized files now loaded: 0)
System memory in use before: 76.9 MB.
System memory in use after: 77.0 MB.

Unloading 5 unused Assets to reduce memory usage. Loaded Objects now: 1628.
Total: 4.355000 ms (FindLiveObjects: 0.317500 ms CreateObjectMapping: 0.250300 ms MarkObjects: 3.665300 ms  DeleteObjects: 0.119700 ms)

========================================================================
Received Import Request.
  Time since last request: 462.881622 seconds.
  path: Assets/Prefabs/Enemy1.prefab
  artifactKey: Guid(62d978a74bf9fa24c9ddca1c829c606d) Importer(815301076,1909f56bfc062723c751e8b465ee728b)
Start importing Assets/Prefabs/Enemy1.prefab using Guid(62d978a74bf9fa24c9ddca1c829c606d) Importer(815301076,1909f56bfc062723c751e8b465ee728b)  -> (artifact id: 'ba00ddec92d919d5ac77820da2ef7a3b') in 0.150945 seconds
  Import took 0.205510 seconds .

========================================================================
Received Prepare
Registering precompiled user dll's ...
Registered in 0.001383 seconds.
Begin MonoManager ReloadAssembly
Native extension for WindowsStandalone target not found
Refreshing native plugins compatible for Editor in 0.35 ms, found 0 plugins.
Preloading 0 native plugins for Editor in 0.00 ms.
Mono: successfully reloaded assembly
- Completed reload, in  1.312 seconds
Platform modules already initialized, skipping
Refreshing native plugins compatible for Editor in 0.67 ms, found 0 plugins.
Preloading 0 native plugins for Editor in 0.00 ms.
Unloading 1137 Unused Serialized files (Serialized files now loaded: 0)
System memory in use before: 76.9 MB.
System memory in use after: 77.0 MB.

Unloading 5 unused Assets to reduce memory usage. Loaded Objects now: 1632.
Total: 2.707800 ms (FindLiveObjects: 0.216100 ms CreateObjectMapping: 0.077100 ms MarkObjects: 2.320000 ms  DeleteObjects: 0.092400 ms)

========================================================================
Received Import Request.
  Time since last request: 62.280328 seconds.
  path: Assets/Prefabs/Enemy1.prefab
  artifactKey: Guid(62d978a74bf9fa24c9ddca1c829c606d) Importer(815301076,1909f56bfc062723c751e8b465ee728b)
Start importing Assets/Prefabs/Enemy1.prefab using Guid(62d978a74bf9fa24c9ddca1c829c606d) Importer(815301076,1909f56bfc062723c751e8b465ee728b)  -> (artifact id: '5c7b2f6b43e9ee08f06286ad6b3a77d3') in 0.107171 seconds
  Import took 0.137726 seconds .

========================================================================
Received Import Request.
  Time since last request: 177.031882 seconds.
  path: Assets/Prefabs/Enemy1.prefab
  artifactKey: Guid(62d978a74bf9fa24c9ddca1c829c606d) Importer(815301076,1909f56bfc062723c751e8b465ee728b)
Start importing Assets/Prefabs/Enemy1.prefab using Guid(62d978a74bf9fa24c9ddca1c829c606d) Importer(815301076,1909f56bfc062723c751e8b465ee728b)  -> (artifact id: '48e1846a4000808913dad39cce6f3694') in 0.098431 seconds
  Import took 0.122383 seconds .

========================================================================
Received Prepare
Registering precompiled user dll's ...
Registered in 0.000772 seconds.
Begin MonoManager ReloadAssembly
Native extension for WindowsStandalone target not found
Refreshing native plugins compatible for Editor in 0.27 ms, found 0 plugins.
Preloading 0 native plugins for Editor in 0.00 ms.
Mono: successfully reloaded assembly
- Completed reload, in  0.989 seconds
Platform modules already initialized, skipping
Refreshing native plugins compatible for Editor in 0.26 ms, found 0 plugins.
Preloading 0 native plugins for Editor in 0.00 ms.
Unloading 1137 Unused Serialized files (Serialized files now loaded: 0)
System memory in use before: 76.9 MB.
System memory in use after: 77.0 MB.

Unloading 5 unused Assets to reduce memory usage. Loaded Objects now: 1636.
Total: 2.926400 ms (FindLiveObjects: 0.157100 ms CreateObjectMapping: 0.036800 ms MarkObjects: 2.622200 ms  DeleteObjects: 0.108600 ms)

========================================================================
Received Import Request.
  Time since last request: 142.096550 seconds.
  path: Assets/Prefabs/Enemy1.prefab
  artifactKey: Guid(62d978a74bf9fa24c9ddca1c829c606d) Importer(815301076,1909f56bfc062723c751e8b465ee728b)
Start importing Assets/Prefabs/Enemy1.prefab using Guid(62d978a74bf9fa24c9ddca1c829c606d) Importer(815301076,1909f56bfc062723c751e8b465ee728b)  -> (artifact id: '305f62f056210220035520a392d2ed57') in 0.101524 seconds
  Import took 0.105280 seconds .

========================================================================
Received Prepare
Registering precompiled user dll's ...
Registered in 0.000964 seconds.
Begin MonoManager ReloadAssembly
Native extension for WindowsStandalone target not found
Refreshing native plugins compatible for Editor in 0.24 ms, found 0 plugins.
Preloading 0 native plugins for Editor in 0.00 ms.
Mono: successfully reloaded assembly
- Completed reload, in  0.952 seconds
Platform modules already initialized, skipping
Refreshing native plugins compatible for Editor in 0.29 ms, found 0 plugins.
Preloading 0 native plugins for Editor in 0.00 ms.
Unloading 1137 Unused Serialized files (Serialized files now loaded: 0)
System memory in use before: 77.0 MB.
System memory in use after: 77.0 MB.

Unloading 5 unused Assets to reduce memory usage. Loaded Objects now: 1640.
Total: 2.706300 ms (FindLiveObjects: 0.147200 ms CreateObjectMapping: 0.040800 ms MarkObjects: 2.421000 ms  DeleteObjects: 0.095700 ms)

========================================================================
Received Import Request.
  Time since last request: 93.050304 seconds.
  path: Assets/Prefabs/Enemy1.prefab
  artifactKey: Guid(62d978a74bf9fa24c9ddca1c829c606d) Importer(815301076,1909f56bfc062723c751e8b465ee728b)
Start importing Assets/Prefabs/Enemy1.prefab using Guid(62d978a74bf9fa24c9ddca1c829c606d) Importer(815301076,1909f56bfc062723c751e8b465ee728b)  -> (artifact id: '37c4e429d06ef16331b6bd4618069959') in 0.112308 seconds
  Import took 0.189368 seconds .

========================================================================
Received Prepare
Registering precompiled user dll's ...
Registered in 0.001363 seconds.
Begin MonoManager ReloadAssembly
Native extension for WindowsStandalone target not found
Refreshing native plugins compatible for Editor in 0.50 ms, found 0 plugins.
Preloading 0 native plugins for Editor in 0.00 ms.
Mono: successfully reloaded assembly
- Completed reload, in  1.477 seconds
Platform modules already initialized, skipping
Refreshing native plugins compatible for Editor in 0.34 ms, found 0 plugins.
Preloading 0 native plugins for Editor in 0.00 ms.
Unloading 1137 Unused Serialized files (Serialized files now loaded: 0)
System memory in use before: 77.0 MB.
System memory in use after: 77.0 MB.

Unloading 5 unused Assets to reduce memory usage. Loaded Objects now: 1644.
Total: 3.083900 ms (FindLiveObjects: 0.232800 ms CreateObjectMapping: 0.069000 ms MarkObjects: 2.678500 ms  DeleteObjects: 0.101700 ms)

========================================================================
Received Prepare
Registering precompiled user dll's ...
Registered in 0.001025 seconds.
Begin MonoManager ReloadAssembly
Native extension for WindowsStandalone target not found
Refreshing native plugins compatible for Editor in 0.91 ms, found 0 plugins.
Preloading 0 native plugins for Editor in 0.00 ms.
Mono: successfully reloaded assembly
- Completed reload, in  1.792 seconds
Platform modules already initialized, skipping
Refreshing native plugins compatible for Editor in 0.45 ms, found 0 plugins.
Preloading 0 native plugins for Editor in 0.00 ms.
Unloading 1137 Unused Serialized files (Serialized files now loaded: 0)
System memory in use before: 77.0 MB.
System memory in use after: 77.0 MB.

Unloading 5 unused Assets to reduce memory usage. Loaded Objects now: 1647.
Total: 2.969700 ms (FindLiveObjects: 0.229800 ms CreateObjectMapping: 0.069900 ms MarkObjects: 2.544700 ms  DeleteObjects: 0.123200 ms)

========================================================================
Received Prepare
Registering precompiled user dll's ...
Registered in 0.000994 seconds.
Begin MonoManager ReloadAssembly
Native extension for WindowsStandalone target not found
Refreshing native plugins compatible for Editor in 0.29 ms, found 0 plugins.
Preloading 0 native plugins for Editor in 0.00 ms.
Mono: successfully reloaded assembly
- Completed reload, in  1.255 seconds
Platform modules already initialized, skipping
Refreshing native plugins compatible for Editor in 0.47 ms, found 0 plugins.
Preloading 0 native plugins for Editor in 0.00 ms.
Unloading 1137 Unused Serialized files (Serialized files now loaded: 0)
System memory in use before: 77.0 MB.
System memory in use after: 77.0 MB.

Unloading 5 unused Assets to reduce memory usage. Loaded Objects now: 1650.
Total: 3.372900 ms (FindLiveObjects: 0.317600 ms CreateObjectMapping: 0.344600 ms MarkObjects: 2.587400 ms  DeleteObjects: 0.121200 ms)

========================================================================
Received Prepare
Registering precompiled user dll's ...
Registered in 0.001606 seconds.
Begin MonoManager ReloadAssembly
Native extension for WindowsStandalone target not found
Refreshing native plugins compatible for Editor in 0.53 ms, found 0 plugins.
Preloading 0 native plugins for Editor in 0.00 ms.
Mono: successfully reloaded assembly
- Completed reload, in  1.106 seconds
Platform modules already initialized, skipping
Refreshing native plugins compatible for Editor in 0.50 ms, found 0 plugins.
Preloading 0 native plugins for Editor in 0.00 ms.
Unloading 1137 Unused Serialized files (Serialized files now loaded: 0)
System memory in use before: 77.0 MB.
System memory in use after: 77.1 MB.

Unloading 5 unused Assets to reduce memory usage. Loaded Objects now: 1653.
Total: 2.647600 ms (FindLiveObjects: 0.297400 ms CreateObjectMapping: 0.080600 ms MarkObjects: 2.159400 ms  DeleteObjects: 0.108300 ms)

========================================================================
Received Import Request.
  Time since last request: 737.868168 seconds.
  path: Assets/Prefabs/Enemy1.prefab
  artifactKey: Guid(62d978a74bf9fa24c9ddca1c829c606d) Importer(815301076,1909f56bfc062723c751e8b465ee728b)
Start importing Assets/Prefabs/Enemy1.prefab using Guid(62d978a74bf9fa24c9ddca1c829c606d) Importer(815301076,1909f56bfc062723c751e8b465ee728b)  -> (artifact id: 'd6b59c1e9cb2111631a7320619d26767') in 0.151215 seconds
  Import took 0.157452 seconds .

========================================================================
Received Prepare
Registering precompiled user dll's ...
Registered in 0.000702 seconds.
Begin MonoManager ReloadAssembly
Native extension for WindowsStandalone target not found
Refreshing native plugins compatible for Editor in 0.24 ms, found 0 plugins.
Preloading 0 native plugins for Editor in 0.00 ms.
Mono: successfully reloaded assembly
- Completed reload, in  0.961 seconds
Platform modules already initialized, skipping
Refreshing native plugins compatible for Editor in 0.44 ms, found 0 plugins.
Preloading 0 native plugins for Editor in 0.00 ms.
Unloading 1137 Unused Serialized files (Serialized files now loaded: 0)
System memory in use before: 77.0 MB.
System memory in use after: 77.1 MB.

Unloading 5 unused Assets to reduce memory usage. Loaded Objects now: 1657.
Total: 1.875200 ms (FindLiveObjects: 0.155000 ms CreateObjectMapping: 0.044700 ms MarkObjects: 1.593900 ms  DeleteObjects: 0.080400 ms)

========================================================================
Received Prepare
Registering precompiled user dll's ...
Registered in 0.000673 seconds.
Begin MonoManager ReloadAssembly
Native extension for WindowsStandalone target not found
Refreshing native plugins compatible for Editor in 0.42 ms, found 0 plugins.
Preloading 0 native plugins for Editor in 0.00 ms.
Mono: successfully reloaded assembly
- Completed reload, in  0.896 seconds
Platform modules already initialized, skipping
Refreshing native plugins compatible for Editor in 0.40 ms, found 0 plugins.
Preloading 0 native plugins for Editor in 0.00 ms.
Unloading 1137 Unused Serialized files (Serialized files now loaded: 0)
System memory in use before: 77.0 MB.
System memory in use after: 77.1 MB.

Unloading 5 unused Assets to reduce memory usage. Loaded Objects now: 1660.
Total: 2.884700 ms (FindLiveObjects: 0.234400 ms CreateObjectMapping: 0.079000 ms MarkObjects: 2.477700 ms  DeleteObjects: 0.091600 ms)

========================================================================
Received Import Request.
  Time since last request: 336.156891 seconds.
  path: Assets/Prefabs/Enemy1.prefab
  artifactKey: Guid(62d978a74bf9fa24c9ddca1c829c606d) Importer(815301076,1909f56bfc062723c751e8b465ee728b)
Start importing Assets/Prefabs/Enemy1.prefab using Guid(62d978a74bf9fa24c9ddca1c829c606d) Importer(815301076,1909f56bfc062723c751e8b465ee728b)  -> (artifact id: 'fd9053df0e07bd877bde6d0de102bf15') in 0.123287 seconds
  Import took 0.158655 seconds .

========================================================================
Received Prepare
Registering precompiled user dll's ...
Registered in 0.000689 seconds.
Begin MonoManager ReloadAssembly
Native extension for WindowsStandalone target not found
Refreshing native plugins compatible for Editor in 0.45 ms, found 0 plugins.
Preloading 0 native plugins for Editor in 0.00 ms.
Mono: successfully reloaded assembly
- Completed reload, in  1.486 seconds
Platform modules already initialized, skipping
Refreshing native plugins compatible for Editor in 0.58 ms, found 0 plugins.
Preloading 0 native plugins for Editor in 0.00 ms.
Unloading 1137 Unused Serialized files (Serialized files now loaded: 0)
System memory in use before: 77.0 MB.
System memory in use after: 77.1 MB.

Unloading 5 unused Assets to reduce memory usage. Loaded Objects now: 1664.
Total: 4.029800 ms (FindLiveObjects: 0.256800 ms CreateObjectMapping: 0.088600 ms MarkObjects: 3.554700 ms  DeleteObjects: 0.127800 ms)

========================================================================
Received Prepare
Registering precompiled user dll's ...
Registered in 0.000809 seconds.
Begin MonoManager ReloadAssembly
Native extension for WindowsStandalone target not found
Refreshing native plugins compatible for Editor in 0.44 ms, found 0 plugins.
Preloading 0 native plugins for Editor in 0.00 ms.
Mono: successfully reloaded assembly
- Completed reload, in  1.042 seconds
Platform modules already initialized, skipping
Refreshing native plugins compatible for Editor in 0.45 ms, found 0 plugins.
Preloading 0 native plugins for Editor in 0.00 ms.
Unloading 1137 Unused Serialized files (Serialized files now loaded: 0)
System memory in use before: 77.0 MB.
System memory in use after: 77.1 MB.

Unloading 5 unused Assets to reduce memory usage. Loaded Objects now: 1667.
Total: 3.439400 ms (FindLiveObjects: 0.155400 ms CreateObjectMapping: 0.046000 ms MarkObjects: 3.122600 ms  DeleteObjects: 0.113500 ms)

========================================================================
Received Prepare
Registering precompiled user dll's ...
Registered in 0.000793 seconds.
Begin MonoManager ReloadAssembly
Native extension for WindowsStandalone target not found
Refreshing native plugins compatible for Editor in 0.30 ms, found 0 plugins.
Preloading 0 native plugins for Editor in 0.00 ms.
Mono: successfully reloaded assembly
- Completed reload, in  1.475 seconds
Platform modules already initialized, skipping
Refreshing native plugins compatible for Editor in 0.49 ms, found 0 plugins.
Preloading 0 native plugins for Editor in 0.00 ms.
Unloading 1137 Unused Serialized files (Serialized files now loaded: 0)
System memory in use before: 77.0 MB.
System memory in use after: 77.1 MB.

Unloading 5 unused Assets to reduce memory usage. Loaded Objects now: 1670.
Total: 4.070200 ms (FindLiveObjects: 0.472900 ms CreateObjectMapping: 0.091100 ms MarkObjects: 3.335200 ms  DeleteObjects: 0.168500 ms)

========================================================================
Received Prepare
Registering precompiled user dll's ...
Registered in 0.001216 seconds.
Begin MonoManager ReloadAssembly
Native extension for WindowsStandalone target not found
Refreshing native plugins compatible for Editor in 0.29 ms, found 0 plugins.
Preloading 0 native plugins for Editor in 0.00 ms.
Mono: successfully reloaded assembly
- Completed reload, in  1.122 seconds
Platform modules already initialized, skipping
Refreshing native plugins compatible for Editor in 0.42 ms, found 0 plugins.
Preloading 0 native plugins for Editor in 0.00 ms.
Unloading 1137 Unused Serialized files (Serialized files now loaded: 0)
System memory in use before: 77.0 MB.
System memory in use after: 77.1 MB.

Unloading 5 unused Assets to reduce memory usage. Loaded Objects now: 1673.
Total: 3.313400 ms (FindLiveObjects: 0.177000 ms CreateObjectMapping: 0.045400 ms MarkObjects: 2.958800 ms  DeleteObjects: 0.130100 ms)

========================================================================
Received Import Request.
  Time since last request: 362.327519 seconds.
  path: Assets/Script/Enemy.cs
  artifactKey: Guid(d271a5adc6b730949b5e0c38f5f30945) Importer(815301076,1909f56bfc062723c751e8b465ee728b)
Start importing Assets/Script/Enemy.cs using Guid(d271a5adc6b730949b5e0c38f5f30945) Importer(815301076,1909f56bfc062723c751e8b465ee728b)  -> (artifact id: '4bb966ba1cecd6fb9263642d05d46fae') in 0.010597 seconds
  Import took 0.116397 seconds .

========================================================================
Received Import Request.
  Time since last request: 2.670016 seconds.
  path: Assets/Script/EnemyCreator.cs
  artifactKey: Guid(10d3517921a48e841ac16968ce6978a4) Importer(815301076,1909f56bfc062723c751e8b465ee728b)
Start importing Assets/Script/EnemyCreator.cs using Guid(10d3517921a48e841ac16968ce6978a4) Importer(815301076,1909f56bfc062723c751e8b465ee728b)  -> (artifact id: '76d86a4d4d77ae0393a54b4ea3942b2b') in 0.004864 seconds
  Import took 0.158736 seconds .

========================================================================
Received Import Request.
  Time since last request: 124.870304 seconds.
  path: Assets/Script/GameManager.cs
  artifactKey: Guid(651e6e4b32ee9ea48ad8744d97ec70fc) Importer(815301076,1909f56bfc062723c751e8b465ee728b)
Start importing Assets/Script/GameManager.cs using Guid(651e6e4b32ee9ea48ad8744d97ec70fc) Importer(815301076,1909f56bfc062723c751e8b465ee728b)  -> (artifact id: '3edf8591cd778e8723c0313cfbe7ff78') in 0.021481 seconds
  Import took 0.082192 seconds .

========================================================================
Received Prepare
Registering precompiled user dll's ...
Registered in 0.001414 seconds.
Begin MonoManager ReloadAssembly
Native extension for WindowsStandalone target not found
Refreshing native plugins compatible for Editor in 0.31 ms, found 0 plugins.
Preloading 0 native plugins for Editor in 0.00 ms.
Mono: successfully reloaded assembly
- Completed reload, in  0.983 seconds
Platform modules already initialized, skipping
Refreshing native plugins compatible for Editor in 0.40 ms, found 0 plugins.
Preloading 0 native plugins for Editor in 0.00 ms.
Unloading 1137 Unused Serialized files (Serialized files now loaded: 0)
System memory in use before: 77.0 MB.
System memory in use after: 77.1 MB.

Unloading 5 unused Assets to reduce memory usage. Loaded Objects now: 1676.
Total: 2.807100 ms (FindLiveObjects: 0.351200 ms CreateObjectMapping: 0.087600 ms MarkObjects: 2.280200 ms  DeleteObjects: 0.086100 ms)

========================================================================
Received Import Request.
  Time since last request: 21.127162 seconds.
  path: Assets/Script/GameManager.cs
  artifactKey: Guid(651e6e4b32ee9ea48ad8744d97ec70fc) Importer(815301076,1909f56bfc062723c751e8b465ee728b)
Start importing Assets/Script/GameManager.cs using Guid(651e6e4b32ee9ea48ad8744d97ec70fc) Importer(815301076,1909f56bfc062723c751e8b465ee728b)  -> (artifact id: '1231af05429056b5298255c6f00046ee') in 0.007940 seconds
  Import took 0.048002 seconds .

========================================================================
Received Import Request.
  Time since last request: 2.049166 seconds.
  path: Assets/Script/GameManager.cs
  artifactKey: Guid(651e6e4b32ee9ea48ad8744d97ec70fc) Importer(815301076,1909f56bfc062723c751e8b465ee728b)
Start importing Assets/Script/GameManager.cs using Guid(651e6e4b32ee9ea48ad8744d97ec70fc) Importer(815301076,1909f56bfc062723c751e8b465ee728b)  -> (artifact id: '1231af05429056b5298255c6f00046ee') in 0.005640 seconds
  Import took 0.008510 seconds .

========================================================================
Received Prepare
Registering precompiled user dll's ...
Registered in 0.000623 seconds.
Begin MonoManager ReloadAssembly
Native extension for WindowsStandalone target not found
Refreshing native plugins compatible for Editor in 0.26 ms, found 0 plugins.
Preloading 0 native plugins for Editor in 0.00 ms.
Mono: successfully reloaded assembly
- Completed reload, in  0.904 seconds
Platform modules already initialized, skipping
Refreshing native plugins compatible for Editor in 0.40 ms, found 0 plugins.
Preloading 0 native plugins for Editor in 0.00 ms.
Unloading 1137 Unused Serialized files (Serialized files now loaded: 0)
System memory in use before: 77.0 MB.
System memory in use after: 77.1 MB.

Unloading 5 unused Assets to reduce memory usage. Loaded Objects now: 1679.
Total: 2.062500 ms (FindLiveObjects: 0.132400 ms CreateObjectMapping: 0.035100 ms MarkObjects: 1.815500 ms  DeleteObjects: 0.078300 ms)

========================================================================
Received Import Request.
  Time since last request: 6.919896 seconds.
  path: Assets/Script/GameManager.cs
  artifactKey: Guid(651e6e4b32ee9ea48ad8744d97ec70fc) Importer(815301076,1909f56bfc062723c751e8b465ee728b)
Start importing Assets/Script/GameManager.cs using Guid(651e6e4b32ee9ea48ad8744d97ec70fc) Importer(815301076,1909f56bfc062723c751e8b465ee728b)  -> (artifact id: '7c9ac9707700e7a7d0e0578ff6104de4') in 0.009151 seconds
  Import took 0.102847 seconds .

========================================================================
Received Prepare
Registering precompiled user dll's ...
Registered in 0.000637 seconds.
Begin MonoManager ReloadAssembly
Native extension for WindowsStandalone target not found
Refreshing native plugins compatible for Editor in 0.24 ms, found 0 plugins.
Preloading 0 native plugins for Editor in 0.00 ms.
Mono: successfully reloaded assembly
- Completed reload, in  1.001 seconds
Platform modules already initialized, skipping
Refreshing native plugins compatible for Editor in 0.26 ms, found 0 plugins.
Preloading 0 native plugins for Editor in 0.00 ms.
Unloading 1137 Unused Serialized files (Serialized files now loaded: 0)
System memory in use before: 77.0 MB.
System memory in use after: 77.1 MB.

Unloading 5 unused Assets to reduce memory usage. Loaded Objects now: 1682.
Total: 2.802600 ms (FindLiveObjects: 0.248800 ms CreateObjectMapping: 0.070100 ms MarkObjects: 2.372200 ms  DeleteObjects: 0.109800 ms)

========================================================================
Received Import Request.
  Time since last request: 16.597256 seconds.
  path: Assets/Script/GameManager.cs
  artifactKey: Guid(651e6e4b32ee9ea48ad8744d97ec70fc) Importer(815301076,1909f56bfc062723c751e8b465ee728b)
Start importing Assets/Script/GameManager.cs using Guid(651e6e4b32ee9ea48ad8744d97ec70fc) Importer(815301076,1909f56bfc062723c751e8b465ee728b)  -> (artifact id: '3233bcc938d969dd2e4ffbf4646c28b4') in 0.006467 seconds
  Import took 0.092543 seconds .

========================================================================
Received Import Request.
  Time since last request: 1.619729 seconds.
  path: Assets/Script/GameManager.cs
  artifactKey: Guid(651e6e4b32ee9ea48ad8744d97ec70fc) Importer(815301076,1909f56bfc062723c751e8b465ee728b)
Start importing Assets/Script/GameManager.cs using Guid(651e6e4b32ee9ea48ad8744d97ec70fc) Importer(815301076,1909f56bfc062723c751e8b465ee728b)  -> (artifact id: '3233bcc938d969dd2e4ffbf4646c28b4') in 0.004567 seconds
  Import took 0.007199 seconds .

========================================================================
Received Prepare
Registering precompiled user dll's ...
Registered in 0.000682 seconds.
Begin MonoManager ReloadAssembly
Native extension for WindowsStandalone target not found
Refreshing native plugins compatible for Editor in 0.40 ms, found 0 plugins.
Preloading 0 native plugins for Editor in 0.00 ms.
Mono: successfully reloaded assembly
- Completed reload, in  0.909 seconds
Platform modules already initialized, skipping
Refreshing native plugins compatible for Editor in 0.43 ms, found 0 plugins.
Preloading 0 native plugins for Editor in 0.00 ms.
Unloading 1137 Unused Serialized files (Serialized files now loaded: 0)
System memory in use before: 77.0 MB.
System memory in use after: 77.1 MB.

Unloading 5 unused Assets to reduce memory usage. Loaded Objects now: 1685.
Total: 2.215100 ms (FindLiveObjects: 0.173000 ms CreateObjectMapping: 0.061800 ms MarkObjects: 1.891800 ms  DeleteObjects: 0.086900 ms)

========================================================================
Received Prepare
Registering precompiled user dll's ...
Registered in 0.000840 seconds.
Begin MonoManager ReloadAssembly
Native extension for WindowsStandalone target not found
Refreshing native plugins compatible for Editor in 0.23 ms, found 0 plugins.
Preloading 0 native plugins for Editor in 0.00 ms.
Mono: successfully reloaded assembly
- Completed reload, in  0.877 seconds
Platform modules already initialized, skipping
Refreshing native plugins compatible for Editor in 0.30 ms, found 0 plugins.
Preloading 0 native plugins for Editor in 0.00 ms.
Unloading 1137 Unused Serialized files (Serialized files now loaded: 0)
System memory in use before: 77.0 MB.
System memory in use after: 77.1 MB.

Unloading 5 unused Assets to reduce memory usage. Loaded Objects now: 1688.
Total: 3.141600 ms (FindLiveObjects: 0.420300 ms CreateObjectMapping: 0.127100 ms MarkObjects: 2.487700 ms  DeleteObjects: 0.104800 ms)

========================================================================
Received Prepare
Registering precompiled user dll's ...
Registered in 0.000739 seconds.
Begin MonoManager ReloadAssembly
Native extension for WindowsStandalone target not found
Refreshing native plugins compatible for Editor in 0.30 ms, found 0 plugins.
Preloading 0 native plugins for Editor in 0.00 ms.
Mono: successfully reloaded assembly
- Completed reload, in  1.003 seconds
Platform modules already initialized, skipping
Refreshing native plugins compatible for Editor in 0.41 ms, found 0 plugins.
Preloading 0 native plugins for Editor in 0.00 ms.
Unloading 1137 Unused Serialized files (Serialized files now loaded: 0)
System memory in use before: 77.0 MB.
System memory in use after: 77.1 MB.

Unloading 5 unused Assets to reduce memory usage. Loaded Objects now: 1691.
Total: 2.454900 ms (FindLiveObjects: 0.207800 ms CreateObjectMapping: 0.068000 ms MarkObjects: 2.073000 ms  DeleteObjects: 0.104500 ms)

========================================================================
Received Prepare
Registering precompiled user dll's ...
Registered in 0.001136 seconds.
Begin MonoManager ReloadAssembly
Native extension for WindowsStandalone target not found
Refreshing native plugins compatible for Editor in 0.36 ms, found 0 plugins.
Preloading 0 native plugins for Editor in 0.00 ms.
Mono: successfully reloaded assembly
- Completed reload, in  0.973 seconds
Platform modules already initialized, skipping
Refreshing native plugins compatible for Editor in 0.52 ms, found 0 plugins.
Preloading 0 native plugins for Editor in 0.00 ms.
Unloading 1137 Unused Serialized files (Serialized files now loaded: 0)
System memory in use before: 77.1 MB.
System memory in use after: 77.1 MB.

Unloading 5 unused Assets to reduce memory usage. Loaded Objects now: 1694.
Total: 2.717200 ms (FindLiveObjects: 0.288300 ms CreateObjectMapping: 0.079000 ms MarkObjects: 2.242200 ms  DeleteObjects: 0.105700 ms)

========================================================================
Received Prepare
Registering precompiled user dll's ...
Registered in 0.000807 seconds.
Begin MonoManager ReloadAssembly
Native extension for WindowsStandalone target not found
Refreshing native plugins compatible for Editor in 0.38 ms, found 0 plugins.
Preloading 0 native plugins for Editor in 0.00 ms.
Mono: successfully reloaded assembly
- Completed reload, in  1.993 seconds
Platform modules already initialized, skipping
Refreshing native plugins compatible for Editor in 0.65 ms, found 0 plugins.
Preloading 0 native plugins for Editor in 0.00 ms.
Unloading 1137 Unused Serialized files (Serialized files now loaded: 0)
System memory in use before: 77.1 MB.
System memory in use after: 77.1 MB.

Unloading 5 unused Assets to reduce memory usage. Loaded Objects now: 1697.
Total: 3.356500 ms (FindLiveObjects: 0.272500 ms CreateObjectMapping: 0.108800 ms MarkObjects: 2.855800 ms  DeleteObjects: 0.117600 ms)

AssetImportWorkerClient::OnTransportError - code=2 error=End of file
