Using pre-set license
Built from '2020.3/staging' branch; Version is '2020.3.8f1 (507919d4fff5) revision 5273881'; Using compiler version '192528614'; Build Type 'Release'
OS: 'Windows 10 Pro; OS build 19044.1645; Version 2009; 64bit' Language: 'ko' Physical Memory: 12203 MB
BatchMode: 1, IsHumanControllingUs: 0, StartBugReporterOnCrash: 0, Is64bit: 1, IsPro: 0

 COMMAND LINE ARGUMENTS:
D:\Unity\2020.3.8f1\Editor\Unity.exe
-adb2
-batchMode
-noUpm
-name
AssetImportWorker0
-projectPath
D:/New Unity Project/PoolKnightDefense
-logFile
Logs/AssetImportWorker0.log
-srvPort
11265
Successfully changed project path to: D:/New Unity Project/PoolKnightDefense
D:/New Unity Project/PoolKnightDefense
Using Asset Import Pipeline V2.
Refreshing native plugins compatible for Editor in 47.36 ms, found 0 plugins.
Preloading 0 native plugins for Editor in 0.00 ms.
Initialize engine version: 2020.3.8f1 (507919d4fff5)
[Subsystems] Discovering subsystems at path D:/Unity/2020.3.8f1/Editor/Data/Resources/UnitySubsystems
[Subsystems] Discovering subsystems at path D:/New Unity Project/PoolKnightDefense/Assets
GfxDevice: creating device client; threaded=0
Direct3D:
    Version:  Direct3D 11.0 [level 11.1]
    Renderer: NVIDIA GeForce GTX 1060 (ID=0x1c20)
    Vendor:   
    VRAM:     6052 MB
    Driver:   30.0.15.1123
Initialize mono
Mono path[0] = 'D:/Unity/2020.3.8f1/Editor/Data/Managed'
Mono path[1] = 'D:/Unity/2020.3.8f1/Editor/Data/MonoBleedingEdge/lib/mono/unityjit'
Mono config path = 'D:/Unity/2020.3.8f1/Editor/Data/MonoBleedingEdge/etc'
Using monoOptions --debugger-agent=transport=dt_socket,embedding=1,server=y,suspend=n,address=127.0.0.1:56764
Begin MonoManager ReloadAssembly
Registering precompiled unity dll's ...
Register platform support module: D:/Unity/2020.3.8f1/Editor/Data/PlaybackEngines/WindowsStandaloneSupport/UnityEditor.WindowsStandalone.Extensions.dll
Registered in 0.211558 seconds.
Native extension for WindowsStandalone target not found
Refreshing native plugins compatible for Editor in 44.81 ms, found 0 plugins.
Preloading 0 native plugins for Editor in 0.00 ms.
Mono: successfully reloaded assembly
- Completed reload, in  7.156 seconds
Platform modules already initialized, skipping
Registering precompiled user dll's ...
Registered in 0.067802 seconds.
Begin MonoManager ReloadAssembly
Native extension for WindowsStandalone target not found
Refreshing native plugins compatible for Editor in 0.27 ms, found 0 plugins.
Preloading 0 native plugins for Editor in 0.00 ms.
Mono: successfully reloaded assembly
- Completed reload, in  3.252 seconds
Platform modules already initialized, skipping
========================================================================
Worker process is ready to serve import requests
Launched and connected shader compiler UnityShaderCompiler.exe after 0.17 seconds
Refreshing native plugins compatible for Editor in 0.31 ms, found 0 plugins.
Preloading 0 native plugins for Editor in 0.00 ms.
Unloading 1312 Unused Serialized files (Serialized files now loaded: 0)
System memory in use before: 72.5 MB.
System memory in use after: 72.6 MB.

Unloading 10 unused Assets to reduce memory usage. Loaded Objects now: 1763.
Total: 1.783300 ms (FindLiveObjects: 0.133800 ms CreateObjectMapping: 0.036600 ms MarkObjects: 1.475300 ms  DeleteObjects: 0.136500 ms)

========================================================================
Received Import Request.
  path: Assets/Script/Tower.cs
  artifactKey: Guid(62dd0bbf30fad9a4bb7950bff8698882) Importer(815301076,1909f56bfc062723c751e8b465ee728b)
Start importing Assets/Script/Tower.cs using Guid(62dd0bbf30fad9a4bb7950bff8698882) Importer(815301076,1909f56bfc062723c751e8b465ee728b)  -> (artifact id: '3f98deeb38e597a1d48cca70b1057e45') in 0.136806 seconds
  Import took 0.273608 seconds .

========================================================================
Received Import Request.
  Time since last request: 88.287412 seconds.
  path: Assets/Prefabs/UI_UpgradeTower.prefab
  artifactKey: Guid(df60d7412434317499b82cd22a3ca9ca) Importer(815301076,1909f56bfc062723c751e8b465ee728b)
Start importing Assets/Prefabs/UI_UpgradeTower.prefab using Guid(df60d7412434317499b82cd22a3ca9ca) Importer(815301076,1909f56bfc062723c751e8b465ee728b)  -> (artifact id: '0d3c048334cc6c8f8877bcd36c365b7b') in 0.082510 seconds
  Import took 0.134891 seconds .

========================================================================
Received Prepare
Registering precompiled user dll's ...
Registered in 0.000744 seconds.
Begin MonoManager ReloadAssembly
Native extension for WindowsStandalone target not found
Refreshing native plugins compatible for Editor in 0.64 ms, found 0 plugins.
Preloading 0 native plugins for Editor in 0.00 ms.
Mono: successfully reloaded assembly
- Completed reload, in  0.909 seconds
Platform modules already initialized, skipping
Refreshing native plugins compatible for Editor in 0.49 ms, found 0 plugins.
Preloading 0 native plugins for Editor in 0.00 ms.
Unloading 1275 Unused Serialized files (Serialized files now loaded: 0)
System memory in use before: 69.3 MB.
System memory in use after: 69.4 MB.

Unloading 6 unused Assets to reduce memory usage. Loaded Objects now: 1767.
Total: 2.554200 ms (FindLiveObjects: 0.205200 ms CreateObjectMapping: 0.063500 ms MarkObjects: 2.188600 ms  DeleteObjects: 0.095300 ms)

========================================================================
Received Import Request.
  Time since last request: 1279.264390 seconds.
  path: Assets/Prefabs/UI_UpgradeTower.prefab
  artifactKey: Guid(df60d7412434317499b82cd22a3ca9ca) Importer(815301076,1909f56bfc062723c751e8b465ee728b)
Start importing Assets/Prefabs/UI_UpgradeTower.prefab using Guid(df60d7412434317499b82cd22a3ca9ca) Importer(815301076,1909f56bfc062723c751e8b465ee728b)  -> (artifact id: 'd22675d7fd1faefa40132ae05aea7762') in 0.062019 seconds
  Import took 0.167894 seconds .

========================================================================
Received Import Request.
  Time since last request: 2.644541 seconds.
  path: Assets/Prefabs/UI_UpgradeTower.prefab
  artifactKey: Guid(df60d7412434317499b82cd22a3ca9ca) Importer(815301076,1909f56bfc062723c751e8b465ee728b)
Start importing Assets/Prefabs/UI_UpgradeTower.prefab using Guid(df60d7412434317499b82cd22a3ca9ca) Importer(815301076,1909f56bfc062723c751e8b465ee728b)  -> (artifact id: '69af11069824e8f9d30bc3e7e433bc95') in 0.012417 seconds
  Import took 0.075145 seconds .

========================================================================
Received Import Request.
  Time since last request: 12.599258 seconds.
  path: Assets/Prefabs/UI_UpgradeTower.prefab
  artifactKey: Guid(df60d7412434317499b82cd22a3ca9ca) Importer(815301076,1909f56bfc062723c751e8b465ee728b)
Start importing Assets/Prefabs/UI_UpgradeTower.prefab using Guid(df60d7412434317499b82cd22a3ca9ca) Importer(815301076,1909f56bfc062723c751e8b465ee728b)  -> (artifact id: '1c86bc25010745112e705e9beccd8ef7') in 0.014054 seconds
  Import took 0.063785 seconds .

========================================================================
Received Import Request.
  Time since last request: 8.990527 seconds.
  path: Assets/Prefabs/UI_UpgradeTower.prefab
  artifactKey: Guid(df60d7412434317499b82cd22a3ca9ca) Importer(815301076,1909f56bfc062723c751e8b465ee728b)
Start importing Assets/Prefabs/UI_UpgradeTower.prefab using Guid(df60d7412434317499b82cd22a3ca9ca) Importer(815301076,1909f56bfc062723c751e8b465ee728b)  -> (artifact id: '376c2c9760ea9820899613bc39f8923f') in 0.012014 seconds
  Import took 0.059640 seconds .

========================================================================
Received Import Request.
  Time since last request: 5.630390 seconds.
  path: Assets/Prefabs/UI_UpgradeTower.prefab
  artifactKey: Guid(df60d7412434317499b82cd22a3ca9ca) Importer(815301076,1909f56bfc062723c751e8b465ee728b)
Start importing Assets/Prefabs/UI_UpgradeTower.prefab using Guid(df60d7412434317499b82cd22a3ca9ca) Importer(815301076,1909f56bfc062723c751e8b465ee728b)  -> (artifact id: '23ef05caec672dcb5784a67d5f59ad01') in 0.013458 seconds
  Import took 0.058597 seconds .

========================================================================
Received Import Request.
  Time since last request: 16.339109 seconds.
  path: Assets/Prefabs/UI_UpgradeTower.prefab
  artifactKey: Guid(df60d7412434317499b82cd22a3ca9ca) Importer(815301076,1909f56bfc062723c751e8b465ee728b)
Start importing Assets/Prefabs/UI_UpgradeTower.prefab using Guid(df60d7412434317499b82cd22a3ca9ca) Importer(815301076,1909f56bfc062723c751e8b465ee728b)  -> (artifact id: '12f2e0097625cba5e80fefcb4507e397') in 0.014012 seconds
  Import took 0.036117 seconds .

========================================================================
Received Import Request.
  Time since last request: 6.864292 seconds.
  path: Assets/Prefabs/UI_UpgradeTower.prefab
  artifactKey: Guid(df60d7412434317499b82cd22a3ca9ca) Importer(815301076,1909f56bfc062723c751e8b465ee728b)
Start importing Assets/Prefabs/UI_UpgradeTower.prefab using Guid(df60d7412434317499b82cd22a3ca9ca) Importer(815301076,1909f56bfc062723c751e8b465ee728b)  -> (artifact id: 'cbbaeb8c987c9fced0b89094367248cb') in 0.014677 seconds
  Import took 0.092783 seconds .

========================================================================
Received Prepare
Registering precompiled user dll's ...
Registered in 0.000681 seconds.
Begin MonoManager ReloadAssembly
Native extension for WindowsStandalone target not found
Refreshing native plugins compatible for Editor in 0.27 ms, found 0 plugins.
Preloading 0 native plugins for Editor in 0.00 ms.
Mono: successfully reloaded assembly
- Completed reload, in  0.903 seconds
Platform modules already initialized, skipping
Refreshing native plugins compatible for Editor in 0.30 ms, found 0 plugins.
Preloading 0 native plugins for Editor in 0.00 ms.
Unloading 1275 Unused Serialized files (Serialized files now loaded: 0)
System memory in use before: 69.4 MB.
System memory in use after: 69.5 MB.

Unloading 6 unused Assets to reduce memory usage. Loaded Objects now: 1770.
Total: 2.674400 ms (FindLiveObjects: 0.220200 ms CreateObjectMapping: 0.083300 ms MarkObjects: 2.263300 ms  DeleteObjects: 0.106000 ms)

========================================================================
Received Prepare
Registering precompiled user dll's ...
Registered in 0.000700 seconds.
Begin MonoManager ReloadAssembly
Native extension for WindowsStandalone target not found
Refreshing native plugins compatible for Editor in 0.27 ms, found 0 plugins.
Preloading 0 native plugins for Editor in 0.00 ms.
Mono: successfully reloaded assembly
- Completed reload, in  0.880 seconds
Platform modules already initialized, skipping
Refreshing native plugins compatible for Editor in 0.31 ms, found 0 plugins.
Preloading 0 native plugins for Editor in 0.00 ms.
Unloading 1275 Unused Serialized files (Serialized files now loaded: 0)
System memory in use before: 69.4 MB.
System memory in use after: 69.5 MB.

Unloading 5 unused Assets to reduce memory usage. Loaded Objects now: 1773.
Total: 2.324500 ms (FindLiveObjects: 0.226000 ms CreateObjectMapping: 0.058700 ms MarkObjects: 1.951600 ms  DeleteObjects: 0.086700 ms)

========================================================================
Received Prepare
Registering precompiled user dll's ...
Registered in 0.001114 seconds.
Begin MonoManager ReloadAssembly
Native extension for WindowsStandalone target not found
Refreshing native plugins compatible for Editor in 0.29 ms, found 0 plugins.
Preloading 0 native plugins for Editor in 0.00 ms.
Mono: successfully reloaded assembly
- Completed reload, in  0.872 seconds
Platform modules already initialized, skipping
Refreshing native plugins compatible for Editor in 1.19 ms, found 0 plugins.
Preloading 0 native plugins for Editor in 0.00 ms.
Unloading 1275 Unused Serialized files (Serialized files now loaded: 0)
System memory in use before: 69.4 MB.
System memory in use after: 69.5 MB.

Unloading 5 unused Assets to reduce memory usage. Loaded Objects now: 1776.
Total: 2.606000 ms (FindLiveObjects: 0.208800 ms CreateObjectMapping: 0.069600 ms MarkObjects: 2.216400 ms  DeleteObjects: 0.109400 ms)

